

Version:	3.50
CmdLine:	C:\Users\NUGITHA\Desktop\BookLib-LMS\Booklib-LMS.exe --l4j-debug
JNI:		No
WOW64:		Yes
Working dir:	C:\Users\NUGITHA\Desktop\BookLib-LMS\.
Requires JDK:	No
Requires 64-Bit: No
Java min ver:	1.011.000
Java max ver:	
Substitute:	JAVA_HOME = 
Substitute:	PATH = C:\Program Files\Java\jdk-17\bin;C:\Program Files\Java\jdk1.8.0_202\bin;C:\Program Files\Java\jdk-11\bin;C:\Program Files\Common Files\Oracle\Java\javapath;C:\Python312\Scripts\;C:\Python312\;C:\Windows\system32;C:\Windows;C:\Windows\System32\Wbem;C:\Windows\System32\WindowsPowerShell\v1.0\;C:\Windows\System32\OpenSSH\;C:\Program Files (x86)\NVIDIA Corporation\PhysX\Common;C:\Dev-Cpp\bin;C:\Program Files\NVIDIA Corporation\NVIDIA app\NvDLISR;C:\ProgramData\chocolatey\bin;C:\Program Files\Git\cmd;C:\WINDOWS\system32;C:\WINDOWS;C:\WINDOWS\System32\Wbem;C:\WINDOWS\System32\WindowsPowerShell\v1.0\;C:\WINDOWS\System32\OpenSSH\;C:\Program Files\MySQL\MySQL Server 8.0\bin;C:\Program Files\Java\jdk-11\lib\mysql-connector-j-9.1.0.jar;D:\BIT\Full Time\JAVA SE\Database\lib;C:\Program Files\nodejs\;C:\WINDOWS\twain_32\ebscan\;C:\WINDOWS\twain_64\ebscan\;C:\WINDOWS\twain_32\erscan\;C:\WINDOWS\twain_64\erscan\;C:\Program Files\TOSHIBA\TOSHIBA e-STUDIO Client\TOSHIBA e-STUDIO AddressBook Viewer\Shared\;C:\Users\NUGITHA\AppData\Local\Microsoft\WindowsApps;C:\Users\NUGITHA\AppData\Local\Programs\Microsoft VS Code\bin;C:\Program Files\JetBrains\IntelliJ IDEA 2022.1.2\bin;;C:\Program Files\JetBrains\WebStorm 2024.3.2.1\bin;;C:\Users\NUGITHA\AppData\Roaming\npm;C:\Users\NUGITHA\AppData\Local\GitHubDesktop\bin;C:\Program Files\Java\jdk-17\bin
JRE paths:	;C:\Program Files\Java\jdk-17\bin;C:\Program Files\Java\jdk1.8.0_202\bin;C:\Program Files\Java\jdk-11\bin;C:\Program Files\Common Files\Oracle\Java\javapath;C:\Python312\Scripts\;C:\Python312\;C:\Windows\system32;C:\Windows;C:\Windows\System32\Wbem;C:\Windows\System32\WindowsPowerShell\v1.0\;C:\Windows\System32\OpenSSH\;C:\Program Files (x86)\NVIDIA Corporation\PhysX\Common;C:\Dev-Cpp\bin;C:\Program Files\NVIDIA Corporation\NVIDIA app\NvDLISR;C:\ProgramData\chocolatey\bin;C:\Program Files\Git\cmd;C:\WINDOWS\system32;C:\WINDOWS;C:\WINDOWS\System32\Wbem;C:\WINDOWS\System32\WindowsPowerShell\v1.0\;C:\WINDOWS\System32\OpenSSH\;C:\Program Files\MySQL\MySQL Server 8.0\bin;C:\Program Files\Java\jdk-11\lib\mysql-connector-j-9.1.0.jar;D:\BIT\Full Time\JAVA SE\Database\lib;C:\Program Files\nodejs\;C:\WINDOWS\twain_32\ebscan\;C:\WINDOWS\twain_64\ebscan\;C:\WINDOWS\twain_32\erscan\;C:\WINDOWS\twain_64\erscan\;C:\Program Files\TOSHIBA\TOSHIBA e-STUDIO Client\TOSHIBA e-STUDIO AddressBook Viewer\Shared\;C:\Users\NUGITHA\AppData\Local\Microsoft\WindowsApps;C:\Users\NUGITHA\AppData\Local\Programs\Microsoft VS Code\bin;C:\Program Files\JetBrains\IntelliJ IDEA 2022.1.2\bin;;C:\Program Files\JetBrains\WebStorm 2024.3.2.1\bin;;C:\Users\NUGITHA\AppData\Roaming\npm;C:\Users\NUGITHA\AppData\Local\GitHubDesktop\bin;C:\Program Files\Java\jdk-17\bin
Check launcher:	C:\Program Files\Java\jdk-17\bin\javaw.exe (OK)
Version string: 1.017.000_007 / 64-Bit (OK)
Main class:	edu.icet.lib.Main
Info:		Classpath not defined.
Launcher:	C:\Program Files\Java\jdk-17\bin\javaw.exe
Launcher args:	-classpath "C:\Users\NUGITHA\Desktop\BookLib-LMS\Booklib-LMS.exe" edu.icet.lib.Main
Args length:	83/32768 chars
Exit code:	0


Version:	3.50
CmdLine:	C:\Users\NUGITHA\Desktop\BookLib-LMS\Booklib-LMS.exe --l4j-debug
JNI:		No
WOW64:		Yes
Working dir:	C:\Users\NUGITHA\Desktop\BookLib-LMS\.
Requires JDK:	No
Requires 64-Bit: No
Java min ver:	1.011.000
Java max ver:	
Substitute:	JAVA_HOME = 
Substitute:	PATH = C:\Program Files\Java\jdk-17\bin;C:\Program Files\Java\jdk1.8.0_202\bin;C:\Program Files\Java\jdk-11\bin;C:\Program Files\Common Files\Oracle\Java\javapath;C:\Python312\Scripts\;C:\Python312\;C:\Windows\system32;C:\Windows;C:\Windows\System32\Wbem;C:\Windows\System32\WindowsPowerShell\v1.0\;C:\Windows\System32\OpenSSH\;C:\Program Files (x86)\NVIDIA Corporation\PhysX\Common;C:\Dev-Cpp\bin;C:\Program Files\NVIDIA Corporation\NVIDIA app\NvDLISR;C:\ProgramData\chocolatey\bin;C:\Program Files\Git\cmd;C:\WINDOWS\system32;C:\WINDOWS;C:\WINDOWS\System32\Wbem;C:\WINDOWS\System32\WindowsPowerShell\v1.0\;C:\WINDOWS\System32\OpenSSH\;C:\Program Files\MySQL\MySQL Server 8.0\bin;C:\Program Files\Java\jdk-11\lib\mysql-connector-j-9.1.0.jar;D:\BIT\Full Time\JAVA SE\Database\lib;C:\Program Files\nodejs\;C:\WINDOWS\twain_32\ebscan\;C:\WINDOWS\twain_64\ebscan\;C:\WINDOWS\twain_32\erscan\;C:\WINDOWS\twain_64\erscan\;C:\Program Files\TOSHIBA\TOSHIBA e-STUDIO Client\TOSHIBA e-STUDIO AddressBook Viewer\Shared\;C:\Users\NUGITHA\AppData\Local\Microsoft\WindowsApps;C:\Users\NUGITHA\AppData\Local\Programs\Microsoft VS Code\bin;C:\Program Files\JetBrains\IntelliJ IDEA 2022.1.2\bin;;C:\Program Files\JetBrains\WebStorm 2024.3.2.1\bin;;C:\Users\NUGITHA\AppData\Roaming\npm;C:\Users\NUGITHA\AppData\Local\GitHubDesktop\bin;C:\Program Files\Java\jdk-17\bin
JRE paths:	;C:\Program Files\Java\jdk-17\bin;C:\Program Files\Java\jdk1.8.0_202\bin;C:\Program Files\Java\jdk-11\bin;C:\Program Files\Common Files\Oracle\Java\javapath;C:\Python312\Scripts\;C:\Python312\;C:\Windows\system32;C:\Windows;C:\Windows\System32\Wbem;C:\Windows\System32\WindowsPowerShell\v1.0\;C:\Windows\System32\OpenSSH\;C:\Program Files (x86)\NVIDIA Corporation\PhysX\Common;C:\Dev-Cpp\bin;C:\Program Files\NVIDIA Corporation\NVIDIA app\NvDLISR;C:\ProgramData\chocolatey\bin;C:\Program Files\Git\cmd;C:\WINDOWS\system32;C:\WINDOWS;C:\WINDOWS\System32\Wbem;C:\WINDOWS\System32\WindowsPowerShell\v1.0\;C:\WINDOWS\System32\OpenSSH\;C:\Program Files\MySQL\MySQL Server 8.0\bin;C:\Program Files\Java\jdk-11\lib\mysql-connector-j-9.1.0.jar;D:\BIT\Full Time\JAVA SE\Database\lib;C:\Program Files\nodejs\;C:\WINDOWS\twain_32\ebscan\;C:\WINDOWS\twain_64\ebscan\;C:\WINDOWS\twain_32\erscan\;C:\WINDOWS\twain_64\erscan\;C:\Program Files\TOSHIBA\TOSHIBA e-STUDIO Client\TOSHIBA e-STUDIO AddressBook Viewer\Shared\;C:\Users\NUGITHA\AppData\Local\Microsoft\WindowsApps;C:\Users\NUGITHA\AppData\Local\Programs\Microsoft VS Code\bin;C:\Program Files\JetBrains\IntelliJ IDEA 2022.1.2\bin;;C:\Program Files\JetBrains\WebStorm 2024.3.2.1\bin;;C:\Users\NUGITHA\AppData\Roaming\npm;C:\Users\NUGITHA\AppData\Local\GitHubDesktop\bin;C:\Program Files\Java\jdk-17\bin
Check launcher:	C:\Program Files\Java\jdk-17\bin\javaw.exe (OK)
Version string: 1.017.000_007 / 64-Bit (OK)
Main class:	edu.icet.lib.Main
Info:		Classpath not defined.
Launcher:	C:\Program Files\Java\jdk-17\bin\javaw.exe
Launcher args:	-classpath "C:\Users\NUGITHA\Desktop\BookLib-LMS\Booklib-LMS.exe" edu.icet.lib.Main
Args length:	83/32768 chars
Exit code:	0


Version:	3.50
CmdLine:	C:\Users\NUGITHA\Desktop\BookLib-LMS\Booklib-LMS.exe --l4j-debug
JNI:		No
WOW64:		Yes
Working dir:	C:\Users\NUGITHA\Desktop\BookLib-LMS\.
Requires JDK:	No
Requires 64-Bit: No
Java min ver:	1.011.000
Java max ver:	
Substitute:	JAVA_HOME = 
Substitute:	PATH = C:\Program Files\Java\jdk-17\bin;C:\Program Files\Java\jdk1.8.0_202\bin;C:\Program Files\Java\jdk-11\bin;C:\Program Files\Common Files\Oracle\Java\javapath;C:\Python312\Scripts\;C:\Python312\;C:\Windows\system32;C:\Windows;C:\Windows\System32\Wbem;C:\Windows\System32\WindowsPowerShell\v1.0\;C:\Windows\System32\OpenSSH\;C:\Program Files (x86)\NVIDIA Corporation\PhysX\Common;C:\Dev-Cpp\bin;C:\Program Files\NVIDIA Corporation\NVIDIA app\NvDLISR;C:\ProgramData\chocolatey\bin;C:\Program Files\Git\cmd;C:\WINDOWS\system32;C:\WINDOWS;C:\WINDOWS\System32\Wbem;C:\WINDOWS\System32\WindowsPowerShell\v1.0\;C:\WINDOWS\System32\OpenSSH\;C:\Program Files\MySQL\MySQL Server 8.0\bin;C:\Program Files\Java\jdk-11\lib\mysql-connector-j-9.1.0.jar;D:\BIT\Full Time\JAVA SE\Database\lib;C:\Program Files\nodejs\;C:\WINDOWS\twain_32\ebscan\;C:\WINDOWS\twain_64\ebscan\;C:\WINDOWS\twain_32\erscan\;C:\WINDOWS\twain_64\erscan\;C:\Program Files\TOSHIBA\TOSHIBA e-STUDIO Client\TOSHIBA e-STUDIO AddressBook Viewer\Shared\;C:\Users\NUGITHA\AppData\Local\Microsoft\WindowsApps;C:\Users\NUGITHA\AppData\Local\Programs\Microsoft VS Code\bin;C:\Program Files\JetBrains\IntelliJ IDEA 2022.1.2\bin;;C:\Program Files\JetBrains\WebStorm 2024.3.2.1\bin;;C:\Users\NUGITHA\AppData\Roaming\npm;C:\Users\NUGITHA\AppData\Local\GitHubDesktop\bin;C:\Program Files\Java\jdk-17\bin
JRE paths:	;C:\Program Files\Java\jdk-17\bin;C:\Program Files\Java\jdk1.8.0_202\bin;C:\Program Files\Java\jdk-11\bin;C:\Program Files\Common Files\Oracle\Java\javapath;C:\Python312\Scripts\;C:\Python312\;C:\Windows\system32;C:\Windows;C:\Windows\System32\Wbem;C:\Windows\System32\WindowsPowerShell\v1.0\;C:\Windows\System32\OpenSSH\;C:\Program Files (x86)\NVIDIA Corporation\PhysX\Common;C:\Dev-Cpp\bin;C:\Program Files\NVIDIA Corporation\NVIDIA app\NvDLISR;C:\ProgramData\chocolatey\bin;C:\Program Files\Git\cmd;C:\WINDOWS\system32;C:\WINDOWS;C:\WINDOWS\System32\Wbem;C:\WINDOWS\System32\WindowsPowerShell\v1.0\;C:\WINDOWS\System32\OpenSSH\;C:\Program Files\MySQL\MySQL Server 8.0\bin;C:\Program Files\Java\jdk-11\lib\mysql-connector-j-9.1.0.jar;D:\BIT\Full Time\JAVA SE\Database\lib;C:\Program Files\nodejs\;C:\WINDOWS\twain_32\ebscan\;C:\WINDOWS\twain_64\ebscan\;C:\WINDOWS\twain_32\erscan\;C:\WINDOWS\twain_64\erscan\;C:\Program Files\TOSHIBA\TOSHIBA e-STUDIO Client\TOSHIBA e-STUDIO AddressBook Viewer\Shared\;C:\Users\NUGITHA\AppData\Local\Microsoft\WindowsApps;C:\Users\NUGITHA\AppData\Local\Programs\Microsoft VS Code\bin;C:\Program Files\JetBrains\IntelliJ IDEA 2022.1.2\bin;;C:\Program Files\JetBrains\WebStorm 2024.3.2.1\bin;;C:\Users\NUGITHA\AppData\Roaming\npm;C:\Users\NUGITHA\AppData\Local\GitHubDesktop\bin;C:\Program Files\Java\jdk-17\bin
Check launcher:	C:\Program Files\Java\jdk-17\bin\javaw.exe (OK)
Version string: 1.017.000_007 / 64-Bit (OK)
Main class:	edu.icet.lib.Main
Info:		Classpath not defined.
Launcher:	C:\Program Files\Java\jdk-17\bin\javaw.exe
Launcher args:	-classpath "C:\Users\NUGITHA\Desktop\BookLib-LMS\Booklib-LMS.exe" edu.icet.lib.Main
Args length:	83/32768 chars
Exit code:	0


Version:	3.50
CmdLine:	C:\Users\NUGITHA\Desktop\BookLib-LMS\Booklib-LMS.exe --l4j-debug
JNI:		No
WOW64:		Yes
Working dir:	C:\Users\NUGITHA\Desktop\BookLib-LMS\.
Requires JDK:	No
Requires 64-Bit: No
Java min ver:	1.011.000
Java max ver:	
Substitute:	JAVA_HOME = 
Substitute:	PATH = C:\Program Files\Java\jdk-17\bin;C:\Program Files\Java\jdk1.8.0_202\bin;C:\Program Files\Java\jdk-11\bin;C:\Program Files\Common Files\Oracle\Java\javapath;C:\Python312\Scripts\;C:\Python312\;C:\Windows\system32;C:\Windows;C:\Windows\System32\Wbem;C:\Windows\System32\WindowsPowerShell\v1.0\;C:\Windows\System32\OpenSSH\;C:\Program Files (x86)\NVIDIA Corporation\PhysX\Common;C:\Dev-Cpp\bin;C:\Program Files\NVIDIA Corporation\NVIDIA app\NvDLISR;C:\ProgramData\chocolatey\bin;C:\Program Files\Git\cmd;C:\WINDOWS\system32;C:\WINDOWS;C:\WINDOWS\System32\Wbem;C:\WINDOWS\System32\WindowsPowerShell\v1.0\;C:\WINDOWS\System32\OpenSSH\;C:\Program Files\MySQL\MySQL Server 8.0\bin;C:\Program Files\Java\jdk-11\lib\mysql-connector-j-9.1.0.jar;D:\BIT\Full Time\JAVA SE\Database\lib;C:\Program Files\nodejs\;C:\WINDOWS\twain_32\ebscan\;C:\WINDOWS\twain_64\ebscan\;C:\WINDOWS\twain_32\erscan\;C:\WINDOWS\twain_64\erscan\;C:\Program Files\TOSHIBA\TOSHIBA e-STUDIO Client\TOSHIBA e-STUDIO AddressBook Viewer\Shared\;C:\Users\NUGITHA\AppData\Local\Microsoft\WindowsApps;C:\Users\NUGITHA\AppData\Local\Programs\Microsoft VS Code\bin;C:\Program Files\JetBrains\IntelliJ IDEA 2022.1.2\bin;;C:\Program Files\JetBrains\WebStorm 2024.3.2.1\bin;;C:\Users\NUGITHA\AppData\Roaming\npm;C:\Users\NUGITHA\AppData\Local\GitHubDesktop\bin;C:\Program Files\Java\jdk-17\bin
JRE paths:	;C:\Program Files\Java\jdk-17\bin;C:\Program Files\Java\jdk1.8.0_202\bin;C:\Program Files\Java\jdk-11\bin;C:\Program Files\Common Files\Oracle\Java\javapath;C:\Python312\Scripts\;C:\Python312\;C:\Windows\system32;C:\Windows;C:\Windows\System32\Wbem;C:\Windows\System32\WindowsPowerShell\v1.0\;C:\Windows\System32\OpenSSH\;C:\Program Files (x86)\NVIDIA Corporation\PhysX\Common;C:\Dev-Cpp\bin;C:\Program Files\NVIDIA Corporation\NVIDIA app\NvDLISR;C:\ProgramData\chocolatey\bin;C:\Program Files\Git\cmd;C:\WINDOWS\system32;C:\WINDOWS;C:\WINDOWS\System32\Wbem;C:\WINDOWS\System32\WindowsPowerShell\v1.0\;C:\WINDOWS\System32\OpenSSH\;C:\Program Files\MySQL\MySQL Server 8.0\bin;C:\Program Files\Java\jdk-11\lib\mysql-connector-j-9.1.0.jar;D:\BIT\Full Time\JAVA SE\Database\lib;C:\Program Files\nodejs\;C:\WINDOWS\twain_32\ebscan\;C:\WINDOWS\twain_64\ebscan\;C:\WINDOWS\twain_32\erscan\;C:\WINDOWS\twain_64\erscan\;C:\Program Files\TOSHIBA\TOSHIBA e-STUDIO Client\TOSHIBA e-STUDIO AddressBook Viewer\Shared\;C:\Users\NUGITHA\AppData\Local\Microsoft\WindowsApps;C:\Users\NUGITHA\AppData\Local\Programs\Microsoft VS Code\bin;C:\Program Files\JetBrains\IntelliJ IDEA 2022.1.2\bin;;C:\Program Files\JetBrains\WebStorm 2024.3.2.1\bin;;C:\Users\NUGITHA\AppData\Roaming\npm;C:\Users\NUGITHA\AppData\Local\GitHubDesktop\bin;C:\Program Files\Java\jdk-17\bin
Check launcher:	C:\Program Files\Java\jdk-17\bin\javaw.exe (OK)
Version string: 1.017.000_007 / 64-Bit (OK)
Main class:	edu.icet.lib.Main
Info:		Classpath not defined.
Launcher:	C:\Program Files\Java\jdk-17\bin\javaw.exe
Launcher args:	-classpath "C:\Users\NUGITHA\Desktop\BookLib-LMS\Booklib-LMS.exe" edu.icet.lib.Main
Args length:	83/32768 chars
Exit code:	0


Version:	3.50
CmdLine:	C:\Users\NUGITHA\Desktop\BookLib-LMS\Booklib-LMS.exe --l4j-debug
JNI:		No
WOW64:		Yes
Working dir:	C:\Users\NUGITHA\Desktop\BookLib-LMS\.
Requires JDK:	No
Requires 64-Bit: No
Java min ver:	1.011.000
Java max ver:	
Substitute:	JAVA_HOME = 
Substitute:	PATH = C:\Program Files\Java\jdk-17\bin;C:\Program Files\Java\jdk1.8.0_202\bin;C:\Program Files\Java\jdk-11\bin;C:\Program Files\Common Files\Oracle\Java\javapath;C:\Python312\Scripts\;C:\Python312\;C:\Windows\system32;C:\Windows;C:\Windows\System32\Wbem;C:\Windows\System32\WindowsPowerShell\v1.0\;C:\Windows\System32\OpenSSH\;C:\Program Files (x86)\NVIDIA Corporation\PhysX\Common;C:\Dev-Cpp\bin;C:\Program Files\NVIDIA Corporation\NVIDIA app\NvDLISR;C:\ProgramData\chocolatey\bin;C:\Program Files\Git\cmd;C:\WINDOWS\system32;C:\WINDOWS;C:\WINDOWS\System32\Wbem;C:\WINDOWS\System32\WindowsPowerShell\v1.0\;C:\WINDOWS\System32\OpenSSH\;C:\Program Files\MySQL\MySQL Server 8.0\bin;C:\Program Files\Java\jdk-11\lib\mysql-connector-j-9.1.0.jar;D:\BIT\Full Time\JAVA SE\Database\lib;C:\Program Files\nodejs\;C:\WINDOWS\twain_32\ebscan\;C:\WINDOWS\twain_64\ebscan\;C:\WINDOWS\twain_32\erscan\;C:\WINDOWS\twain_64\erscan\;C:\Program Files\TOSHIBA\TOSHIBA e-STUDIO Client\TOSHIBA e-STUDIO AddressBook Viewer\Shared\;C:\Users\NUGITHA\AppData\Local\Microsoft\WindowsApps;C:\Users\NUGITHA\AppData\Local\Programs\Microsoft VS Code\bin;C:\Program Files\JetBrains\IntelliJ IDEA 2022.1.2\bin;;C:\Program Files\JetBrains\WebStorm 2024.3.2.1\bin;;C:\Users\NUGITHA\AppData\Roaming\npm;C:\Users\NUGITHA\AppData\Local\GitHubDesktop\bin;C:\Program Files\Java\jdk-17\bin
JRE paths:	;C:\Program Files\Java\jdk-17\bin;C:\Program Files\Java\jdk1.8.0_202\bin;C:\Program Files\Java\jdk-11\bin;C:\Program Files\Common Files\Oracle\Java\javapath;C:\Python312\Scripts\;C:\Python312\;C:\Windows\system32;C:\Windows;C:\Windows\System32\Wbem;C:\Windows\System32\WindowsPowerShell\v1.0\;C:\Windows\System32\OpenSSH\;C:\Program Files (x86)\NVIDIA Corporation\PhysX\Common;C:\Dev-Cpp\bin;C:\Program Files\NVIDIA Corporation\NVIDIA app\NvDLISR;C:\ProgramData\chocolatey\bin;C:\Program Files\Git\cmd;C:\WINDOWS\system32;C:\WINDOWS;C:\WINDOWS\System32\Wbem;C:\WINDOWS\System32\WindowsPowerShell\v1.0\;C:\WINDOWS\System32\OpenSSH\;C:\Program Files\MySQL\MySQL Server 8.0\bin;C:\Program Files\Java\jdk-11\lib\mysql-connector-j-9.1.0.jar;D:\BIT\Full Time\JAVA SE\Database\lib;C:\Program Files\nodejs\;C:\WINDOWS\twain_32\ebscan\;C:\WINDOWS\twain_64\ebscan\;C:\WINDOWS\twain_32\erscan\;C:\WINDOWS\twain_64\erscan\;C:\Program Files\TOSHIBA\TOSHIBA e-STUDIO Client\TOSHIBA e-STUDIO AddressBook Viewer\Shared\;C:\Users\NUGITHA\AppData\Local\Microsoft\WindowsApps;C:\Users\NUGITHA\AppData\Local\Programs\Microsoft VS Code\bin;C:\Program Files\JetBrains\IntelliJ IDEA 2022.1.2\bin;;C:\Program Files\JetBrains\WebStorm 2024.3.2.1\bin;;C:\Users\NUGITHA\AppData\Roaming\npm;C:\Users\NUGITHA\AppData\Local\GitHubDesktop\bin;C:\Program Files\Java\jdk-17\bin
Check launcher:	C:\Program Files\Java\jdk-17\bin\javaw.exe (OK)
Version string: 1.017.000_007 / 64-Bit (OK)
Main class:	edu.icet.lib.Main
Info:		Classpath not defined.
Launcher:	C:\Program Files\Java\jdk-17\bin\javaw.exe
Launcher args:	-classpath "C:\Users\NUGITHA\Desktop\BookLib-LMS\Booklib-LMS.exe" edu.icet.lib.Main
Args length:	83/32768 chars
Exit code:	0


Version:	3.50
CmdLine:	C:\Users\NUGITHA\Desktop\BookLib-LMS\Booklib-LMS.exe --l4j-debug
JNI:		No
WOW64:		Yes
Working dir:	C:\Users\NUGITHA\Desktop\BookLib-LMS\.
Requires JDK:	No
Requires 64-Bit: No
Java min ver:	1.011.000
Java max ver:	
Substitute:	JAVA_HOME = 
Substitute:	PATH = C:\Program Files\Java\jdk-17\bin;C:\Program Files\Java\jdk1.8.0_202\bin;C:\Program Files\Java\jdk-11\bin;C:\Program Files\Common Files\Oracle\Java\javapath;C:\Python312\Scripts\;C:\Python312\;C:\Windows\system32;C:\Windows;C:\Windows\System32\Wbem;C:\Windows\System32\WindowsPowerShell\v1.0\;C:\Windows\System32\OpenSSH\;C:\Program Files (x86)\NVIDIA Corporation\PhysX\Common;C:\Dev-Cpp\bin;C:\Program Files\NVIDIA Corporation\NVIDIA app\NvDLISR;C:\ProgramData\chocolatey\bin;C:\Program Files\Git\cmd;C:\WINDOWS\system32;C:\WINDOWS;C:\WINDOWS\System32\Wbem;C:\WINDOWS\System32\WindowsPowerShell\v1.0\;C:\WINDOWS\System32\OpenSSH\;C:\Program Files\MySQL\MySQL Server 8.0\bin;C:\Program Files\Java\jdk-11\lib\mysql-connector-j-9.1.0.jar;D:\BIT\Full Time\JAVA SE\Database\lib;C:\Program Files\nodejs\;C:\WINDOWS\twain_32\ebscan\;C:\WINDOWS\twain_64\ebscan\;C:\WINDOWS\twain_32\erscan\;C:\WINDOWS\twain_64\erscan\;C:\Program Files\TOSHIBA\TOSHIBA e-STUDIO Client\TOSHIBA e-STUDIO AddressBook Viewer\Shared\;C:\Users\NUGITHA\AppData\Local\Microsoft\WindowsApps;C:\Users\NUGITHA\AppData\Local\Programs\Microsoft VS Code\bin;C:\Program Files\JetBrains\IntelliJ IDEA 2022.1.2\bin;;C:\Program Files\JetBrains\WebStorm 2024.3.2.1\bin;;C:\Users\NUGITHA\AppData\Roaming\npm;C:\Users\NUGITHA\AppData\Local\GitHubDesktop\bin;C:\Program Files\Java\jdk-17\bin
JRE paths:	;C:\Program Files\Java\jdk-17\bin;C:\Program Files\Java\jdk1.8.0_202\bin;C:\Program Files\Java\jdk-11\bin;C:\Program Files\Common Files\Oracle\Java\javapath;C:\Python312\Scripts\;C:\Python312\;C:\Windows\system32;C:\Windows;C:\Windows\System32\Wbem;C:\Windows\System32\WindowsPowerShell\v1.0\;C:\Windows\System32\OpenSSH\;C:\Program Files (x86)\NVIDIA Corporation\PhysX\Common;C:\Dev-Cpp\bin;C:\Program Files\NVIDIA Corporation\NVIDIA app\NvDLISR;C:\ProgramData\chocolatey\bin;C:\Program Files\Git\cmd;C:\WINDOWS\system32;C:\WINDOWS;C:\WINDOWS\System32\Wbem;C:\WINDOWS\System32\WindowsPowerShell\v1.0\;C:\WINDOWS\System32\OpenSSH\;C:\Program Files\MySQL\MySQL Server 8.0\bin;C:\Program Files\Java\jdk-11\lib\mysql-connector-j-9.1.0.jar;D:\BIT\Full Time\JAVA SE\Database\lib;C:\Program Files\nodejs\;C:\WINDOWS\twain_32\ebscan\;C:\WINDOWS\twain_64\ebscan\;C:\WINDOWS\twain_32\erscan\;C:\WINDOWS\twain_64\erscan\;C:\Program Files\TOSHIBA\TOSHIBA e-STUDIO Client\TOSHIBA e-STUDIO AddressBook Viewer\Shared\;C:\Users\NUGITHA\AppData\Local\Microsoft\WindowsApps;C:\Users\NUGITHA\AppData\Local\Programs\Microsoft VS Code\bin;C:\Program Files\JetBrains\IntelliJ IDEA 2022.1.2\bin;;C:\Program Files\JetBrains\WebStorm 2024.3.2.1\bin;;C:\Users\NUGITHA\AppData\Roaming\npm;C:\Users\NUGITHA\AppData\Local\GitHubDesktop\bin;C:\Program Files\Java\jdk-17\bin
Check launcher:	C:\Program Files\Java\jdk-17\bin\javaw.exe (OK)
Version string: 1.017.000_007 / 64-Bit (OK)
Main class:	edu.icet.lib.Main
Info:		Classpath not defined.
Launcher:	C:\Program Files\Java\jdk-17\bin\javaw.exe
Launcher args:	-classpath "C:\Users\NUGITHA\Desktop\BookLib-LMS\Booklib-LMS.exe" edu.icet.lib.Main
Args length:	83/32768 chars
Exit code:	0


Version:	3.50
CmdLine:	C:\Users\NUGITHA\Desktop\BookLib-LMS\Booklib-LMS.exe --l4j-debug
JNI:		No
WOW64:		Yes
Working dir:	C:\Users\NUGITHA\Desktop\BookLib-LMS\.
Requires JDK:	No
Requires 64-Bit: No
Java min ver:	1.011.000
Java max ver:	
Substitute:	JAVA_HOME = 
Substitute:	PATH = C:\Program Files\Java\jdk-17\bin;C:\Program Files\Java\jdk1.8.0_202\bin;C:\Program Files\Java\jdk-11\bin;C:\Program Files\Common Files\Oracle\Java\javapath;C:\Python312\Scripts\;C:\Python312\;C:\Windows\system32;C:\Windows;C:\Windows\System32\Wbem;C:\Windows\System32\WindowsPowerShell\v1.0\;C:\Windows\System32\OpenSSH\;C:\Program Files (x86)\NVIDIA Corporation\PhysX\Common;C:\Dev-Cpp\bin;C:\Program Files\NVIDIA Corporation\NVIDIA app\NvDLISR;C:\ProgramData\chocolatey\bin;C:\Program Files\Git\cmd;C:\WINDOWS\system32;C:\WINDOWS;C:\WINDOWS\System32\Wbem;C:\WINDOWS\System32\WindowsPowerShell\v1.0\;C:\WINDOWS\System32\OpenSSH\;C:\Program Files\MySQL\MySQL Server 8.0\bin;C:\Program Files\Java\jdk-11\lib\mysql-connector-j-9.1.0.jar;D:\BIT\Full Time\JAVA SE\Database\lib;C:\Program Files\nodejs\;C:\WINDOWS\twain_32\ebscan\;C:\WINDOWS\twain_64\ebscan\;C:\WINDOWS\twain_32\erscan\;C:\WINDOWS\twain_64\erscan\;C:\Program Files\TOSHIBA\TOSHIBA e-STUDIO Client\TOSHIBA e-STUDIO AddressBook Viewer\Shared\;C:\Users\NUGITHA\AppData\Local\Microsoft\WindowsApps;C:\Users\NUGITHA\AppData\Local\Programs\Microsoft VS Code\bin;C:\Program Files\JetBrains\IntelliJ IDEA 2022.1.2\bin;;C:\Program Files\JetBrains\WebStorm 2024.3.2.1\bin;;C:\Users\NUGITHA\AppData\Roaming\npm;C:\Users\NUGITHA\AppData\Local\GitHubDesktop\bin;C:\Program Files\Java\jdk-17\bin
JRE paths:	;C:\Program Files\Java\jdk-17\bin;C:\Program Files\Java\jdk1.8.0_202\bin;C:\Program Files\Java\jdk-11\bin;C:\Program Files\Common Files\Oracle\Java\javapath;C:\Python312\Scripts\;C:\Python312\;C:\Windows\system32;C:\Windows;C:\Windows\System32\Wbem;C:\Windows\System32\WindowsPowerShell\v1.0\;C:\Windows\System32\OpenSSH\;C:\Program Files (x86)\NVIDIA Corporation\PhysX\Common;C:\Dev-Cpp\bin;C:\Program Files\NVIDIA Corporation\NVIDIA app\NvDLISR;C:\ProgramData\chocolatey\bin;C:\Program Files\Git\cmd;C:\WINDOWS\system32;C:\WINDOWS;C:\WINDOWS\System32\Wbem;C:\WINDOWS\System32\WindowsPowerShell\v1.0\;C:\WINDOWS\System32\OpenSSH\;C:\Program Files\MySQL\MySQL Server 8.0\bin;C:\Program Files\Java\jdk-11\lib\mysql-connector-j-9.1.0.jar;D:\BIT\Full Time\JAVA SE\Database\lib;C:\Program Files\nodejs\;C:\WINDOWS\twain_32\ebscan\;C:\WINDOWS\twain_64\ebscan\;C:\WINDOWS\twain_32\erscan\;C:\WINDOWS\twain_64\erscan\;C:\Program Files\TOSHIBA\TOSHIBA e-STUDIO Client\TOSHIBA e-STUDIO AddressBook Viewer\Shared\;C:\Users\NUGITHA\AppData\Local\Microsoft\WindowsApps;C:\Users\NUGITHA\AppData\Local\Programs\Microsoft VS Code\bin;C:\Program Files\JetBrains\IntelliJ IDEA 2022.1.2\bin;;C:\Program Files\JetBrains\WebStorm 2024.3.2.1\bin;;C:\Users\NUGITHA\AppData\Roaming\npm;C:\Users\NUGITHA\AppData\Local\GitHubDesktop\bin;C:\Program Files\Java\jdk-17\bin
Check launcher:	C:\Program Files\Java\jdk-17\bin\javaw.exe (OK)
Version string: 1.017.000_007 / 64-Bit (OK)
Main class:	edu.icet.lib.Main
Info:		Classpath not defined.
Launcher:	C:\Program Files\Java\jdk-17\bin\javaw.exe
Launcher args:	-classpath "C:\Users\NUGITHA\Desktop\BookLib-LMS\Booklib-LMS.exe" edu.icet.lib.Main
Args length:	83/32768 chars
Exit code:	0


Version:	3.50
CmdLine:	C:\Users\NUGITHA\Desktop\BookLib-LMS\Booklib-LMS.exe --l4j-debug
JNI:		No
WOW64:		Yes
Working dir:	C:\Users\NUGITHA\Desktop\BookLib-LMS\.
Requires JDK:	No
Requires 64-Bit: No
Java min ver:	1.011.000
Java max ver:	
Substitute:	JAVA_HOME = 
Substitute:	PATH = C:\Program Files\Java\jdk-17\bin;C:\Program Files\Java\jdk1.8.0_202\bin;C:\Program Files\Java\jdk-11\bin;C:\Program Files\Common Files\Oracle\Java\javapath;C:\Python312\Scripts\;C:\Python312\;C:\Windows\system32;C:\Windows;C:\Windows\System32\Wbem;C:\Windows\System32\WindowsPowerShell\v1.0\;C:\Windows\System32\OpenSSH\;C:\Program Files (x86)\NVIDIA Corporation\PhysX\Common;C:\Dev-Cpp\bin;C:\Program Files\NVIDIA Corporation\NVIDIA app\NvDLISR;C:\ProgramData\chocolatey\bin;C:\Program Files\Git\cmd;C:\WINDOWS\system32;C:\WINDOWS;C:\WINDOWS\System32\Wbem;C:\WINDOWS\System32\WindowsPowerShell\v1.0\;C:\WINDOWS\System32\OpenSSH\;C:\Program Files\MySQL\MySQL Server 8.0\bin;C:\Program Files\Java\jdk-11\lib\mysql-connector-j-9.1.0.jar;D:\BIT\Full Time\JAVA SE\Database\lib;C:\Program Files\nodejs\;C:\WINDOWS\twain_32\ebscan\;C:\WINDOWS\twain_64\ebscan\;C:\WINDOWS\twain_32\erscan\;C:\WINDOWS\twain_64\erscan\;C:\Program Files\TOSHIBA\TOSHIBA e-STUDIO Client\TOSHIBA e-STUDIO AddressBook Viewer\Shared\;C:\Users\NUGITHA\AppData\Local\Microsoft\WindowsApps;C:\Users\NUGITHA\AppData\Local\Programs\Microsoft VS Code\bin;C:\Program Files\JetBrains\IntelliJ IDEA 2022.1.2\bin;;C:\Program Files\JetBrains\WebStorm 2024.3.2.1\bin;;C:\Users\NUGITHA\AppData\Roaming\npm;C:\Users\NUGITHA\AppData\Local\GitHubDesktop\bin;C:\Program Files\Java\jdk-17\bin
JRE paths:	;C:\Program Files\Java\jdk-17\bin;C:\Program Files\Java\jdk1.8.0_202\bin;C:\Program Files\Java\jdk-11\bin;C:\Program Files\Common Files\Oracle\Java\javapath;C:\Python312\Scripts\;C:\Python312\;C:\Windows\system32;C:\Windows;C:\Windows\System32\Wbem;C:\Windows\System32\WindowsPowerShell\v1.0\;C:\Windows\System32\OpenSSH\;C:\Program Files (x86)\NVIDIA Corporation\PhysX\Common;C:\Dev-Cpp\bin;C:\Program Files\NVIDIA Corporation\NVIDIA app\NvDLISR;C:\ProgramData\chocolatey\bin;C:\Program Files\Git\cmd;C:\WINDOWS\system32;C:\WINDOWS;C:\WINDOWS\System32\Wbem;C:\WINDOWS\System32\WindowsPowerShell\v1.0\;C:\WINDOWS\System32\OpenSSH\;C:\Program Files\MySQL\MySQL Server 8.0\bin;C:\Program Files\Java\jdk-11\lib\mysql-connector-j-9.1.0.jar;D:\BIT\Full Time\JAVA SE\Database\lib;C:\Program Files\nodejs\;C:\WINDOWS\twain_32\ebscan\;C:\WINDOWS\twain_64\ebscan\;C:\WINDOWS\twain_32\erscan\;C:\WINDOWS\twain_64\erscan\;C:\Program Files\TOSHIBA\TOSHIBA e-STUDIO Client\TOSHIBA e-STUDIO AddressBook Viewer\Shared\;C:\Users\NUGITHA\AppData\Local\Microsoft\WindowsApps;C:\Users\NUGITHA\AppData\Local\Programs\Microsoft VS Code\bin;C:\Program Files\JetBrains\IntelliJ IDEA 2022.1.2\bin;;C:\Program Files\JetBrains\WebStorm 2024.3.2.1\bin;;C:\Users\NUGITHA\AppData\Roaming\npm;C:\Users\NUGITHA\AppData\Local\GitHubDesktop\bin;C:\Program Files\Java\jdk-17\bin
Check launcher:	C:\Program Files\Java\jdk-17\bin\javaw.exe (OK)
Version string: 1.017.000_007 / 64-Bit (OK)
Main class:	edu.icet.lib.Main
Info:		Classpath not defined.
Launcher:	C:\Program Files\Java\jdk-17\bin\javaw.exe
Launcher args:	-classpath "C:\Users\NUGITHA\Desktop\BookLib-LMS\Booklib-LMS.exe" edu.icet.lib.Main
Args length:	83/32768 chars
Exit code:	0
